<?xml version="1.0" encoding="UTF-8"?>
<!-- Generated by org.testng.reporters.JUnitReportReporter -->
<testsuite hostname="DESKTOP-NE27KBK" failures="0" tests="6" name="api.test.DDTests" time="5.453" errors="0" timestamp="2023-04-28T17:08:22 EET" skipped="0">
  <testcase classname="api.test.DDTests" name="testPostUsers" time="0.754"/>
  <system-out/>
  <testcase classname="api.test.DDTests" name="testPostUsers" time="1.668"/>
  <system-out/>
  <testcase classname="api.test.DDTests" name="testPostUsers" time="0.776"/>
  <system-out/>
  <testcase classname="api.test.DDTests" name="testDeleteUserByName" time="0.755"/>
  <system-out/>
  <testcase classname="api.test.DDTests" name="testDeleteUserByName" time="0.742"/>
  <system-out/>
  <testcase classname="api.test.DDTests" name="testDeleteUserByName" time="0.758"/>
  <system-out/>
</testsuite> <!-- api.test.DDTests -->
