<?xml version="1.0" encoding="UTF-8"?>
<!-- Generated by org.testng.reporters.JUnitReportReporter -->
<testsuite hostname="DESKTOP-NE27KBK" failures="0" tests="6" name="api.test.DDTests" time="5.284" errors="0" timestamp="2023-04-27T14:37:20 EET" skipped="0">
  <testcase classname="api.test.DDTests" name="testPostUsers" time="1.437"/>
  <system-out/>
  <testcase classname="api.test.DDTests" name="testPostUsers" time="0.827"/>
  <system-out/>
  <testcase classname="api.test.DDTests" name="testPostUsers" time="0.769"/>
  <system-out/>
  <testcase classname="api.test.DDTests" name="testDeleteUserByName" time="0.749"/>
  <system-out/>
  <testcase classname="api.test.DDTests" name="testDeleteUserByName" time="0.752"/>
  <system-out/>
  <testcase classname="api.test.DDTests" name="testDeleteUserByName" time="0.750"/>
  <system-out/>
</testsuite> <!-- api.test.DDTests -->
