<?xml version="1.0" encoding="UTF-8"?>
<!-- Generated by org.testng.reporters.JUnitReportReporter -->
<testsuite hostname="DESKTOP-NE27KBK" failures="0" tests="4" name="api.test.UserTests2" time="6.035" errors="0" timestamp="2023-04-28T17:08:22 EET" skipped="0">
  <testcase classname="api.test.UserTests2" name="testPostUser" time="2.984"/>
  <system-out/>
  <testcase classname="api.test.UserTests2" name="testGetUserByName" time="0.786"/>
  <system-out/>
  <testcase classname="api.test.UserTests2" name="testUpdateUserByName" time="1.509"/>
  <system-out/>
  <testcase classname="api.test.UserTests2" name="testDeleteUserByName" time="0.756"/>
  <system-out/>
</testsuite> <!-- api.test.UserTests2 -->
