<?xml version="1.0" encoding="UTF-8"?>
<!-- Generated by org.testng.reporters.JUnitReportReporter -->
<testsuite hostname="DESKTOP-NE27KBK" failures="0" tests="4" name="api.test.UserTests" time="6.418" errors="0" timestamp="2023-04-27T14:37:20 EET" skipped="0">
  <testcase classname="api.test.UserTests" name="testPostUser" time="3.240"/>
  <system-out/>
  <testcase classname="api.test.UserTests" name="testGetUserByName" time="0.905"/>
  <system-out/>
  <testcase classname="api.test.UserTests" name="testUpdateUserByName" time="1.506"/>
  <system-out/>
  <testcase classname="api.test.UserTests" name="testDeleteUserByName" time="0.767"/>
  <system-out/>
</testsuite> <!-- api.test.UserTests -->
