<?xml version="1.0" encoding="UTF-8"?>
<!-- Generated by org.testng.reporters.JUnitReportReporter -->
<testsuite hostname="DESKTOP-NE27KBK" failures="0" tests="4" name="api.test.UserTests" time="6.334" errors="0" timestamp="2023-04-28T17:08:22 EET" skipped="0">
  <testcase classname="api.test.UserTests" name="testPostUser" time="3.295"/>
  <system-out/>
  <testcase classname="api.test.UserTests" name="testGetUserByName" time="0.787"/>
  <system-out/>
  <testcase classname="api.test.UserTests" name="testUpdateUserByName" time="1.505"/>
  <system-out/>
  <testcase classname="api.test.UserTests" name="testDeleteUserByName" time="0.747"/>
  <system-out/>
</testsuite> <!-- api.test.UserTests -->
